<LOG> Fetched Normal Parameter
<LOG> Fetched Temporary Parameter
<LOG> Upper and lower bounds are
<VALUE_OUTPUT> 100
<VALUE_OUTPUT> 10
<LOG> Generated value was
<VALUE_OUTPUT> 91

<LOG> Generator was told its value will be ignored.

<LOG> Fetched Normal Parameter
<LOG> Fetched Temporary Parameter
<LOG> Upper and lower bounds are
<VALUE_OUTPUT> 100
<VALUE_OUTPUT> 10
<LOG> Generated value was
<VALUE_OUTPUT> 67

<LOG> Generator was told its value will be ignored.

<LOG> Fetched Normal Parameter
<LOG> Fetched Temporary Parameter
<LOG> Upper and lower bounds are
<VALUE_OUTPUT> 100
<VALUE_OUTPUT> 10
<LOG> Generated value was
<VALUE_OUTPUT> 68

<LOG> Generator was told its value will be ignored.

<LOG> Fetched Normal Parameter
<LOG> Fetched Temporary Parameter
<LOG> Upper and lower bounds are
<VALUE_OUTPUT> 100
<VALUE_OUTPUT> 10
<LOG> Generated value was
<VALUE_OUTPUT> 79

<LOG> Generator was told its value will be ignored.

<LOG> Fetched Normal Parameter
<LOG> Fetched Temporary Parameter
<LOG> Upper and lower bounds are
<VALUE_OUTPUT> 100
<VALUE_OUTPUT> 10
<LOG> Generated value was
<VALUE_OUTPUT> 58

<LOG> Generator was told its value will be ignored.

<LOG> Fetched Normal Parameter
<LOG> Fetched Temporary Parameter
<LOG> Upper and lower bounds are
<VALUE_OUTPUT> 100
<VALUE_OUTPUT> 10
<LOG> Generated value was
<VALUE_OUTPUT> 54

<LOG> Generator was told its value will be ignored.

<LOG> Fetched Normal Parameter
<LOG> Fetched Temporary Parameter
<LOG> Upper and lower bounds are
<VALUE_OUTPUT> 100
<VALUE_OUTPUT> 10
<LOG> Generated value was
<VALUE_OUTPUT> 57

<LOG> Generator was told its value will be ignored.

<LOG> Fetched Normal Parameter
<LOG> Fetched Temporary Parameter
<LOG> Upper and lower bounds are
<VALUE_OUTPUT> 100
<VALUE_OUTPUT> 10
<LOG> Generated value was
<VALUE_OUTPUT> 41

<LOG> Generator was told its value will be ignored.

<LOG> Fetched Normal Parameter
<LOG> Fetched Temporary Parameter
<LOG> Upper and lower bounds are
<VALUE_OUTPUT> 100
<VALUE_OUTPUT> 10
<LOG> Generated value was
<VALUE_OUTPUT> 89

<LOG> Generator was told its value will be ignored.

<LOG> Fetched Normal Parameter
<LOG> Fetched Temporary Parameter
<LOG> Upper and lower bounds are
<VALUE_OUTPUT> 100
<VALUE_OUTPUT> 10
<LOG> Generated value was
<VALUE_OUTPUT> 46

<LOG> Generator was told its value will be ignored.

Test failed
Printing results in format
TEST_NUMBER | INPUT_ARGS_AS_TUPLE | RETURN_VALUE
0 | 0,41, | 41
1 | 0,52, | 52
2 | 0,84, | 84
3 | 0,67, | 67
4 | 0,15, | 15
5 | 0,39, | 39
6 | 0,22, | 22
7 | 0,41, | 41
8 | 0,80, | 80
9 | 0,57, | 57

<LOG> Fetched Temporary Parameter
<LOG> Upper and lower bounds are
<VALUE_OUTPUT> 1000
<VALUE_OUTPUT> 990
<LOG> Generated value was
<VALUE_OUTPUT> 990

<LOG> Generator was told its value will be ignored.

<LOG> Fetched Normal Parameter
<LOG> Upper and lower bounds are
<VALUE_OUTPUT> 1000
<VALUE_OUTPUT> 10
<LOG> Generated value was
<VALUE_OUTPUT> 456

<LOG> Generator was told its value will be ignored.

<LOG> Fetched Temporary Parameter
<LOG> Upper and lower bounds are
<VALUE_OUTPUT> 1000
<VALUE_OUTPUT> 990
<LOG> Generated value was
<VALUE_OUTPUT> 990

<LOG> Generator was told its value will be ignored.

<LOG> Fetched Normal Parameter
<LOG> Upper and lower bounds are
<VALUE_OUTPUT> 1000
<VALUE_OUTPUT> 10
<LOG> Generated value was
<VALUE_OUTPUT> 422

<LOG> Generator was told its value will be ignored.

<LOG> Fetched Temporary Parameter
<LOG> Upper and lower bounds are
<VALUE_OUTPUT> 1000
<VALUE_OUTPUT> 990
<LOG> Generated value was
<VALUE_OUTPUT> 990

<LOG> Generator was told its value will be ignored.

<LOG> Fetched Normal Parameter
<LOG> Upper and lower bounds are
<VALUE_OUTPUT> 1000
<VALUE_OUTPUT> 10
<LOG> Generated value was
<VALUE_OUTPUT> 678

<LOG> Generator was told its value will be ignored.

<LOG> Fetched Temporary Parameter
<LOG> Upper and lower bounds are
<VALUE_OUTPUT> 1000
<VALUE_OUTPUT> 990
<LOG> Generated value was
<VALUE_OUTPUT> 992

<LOG> Generator was told its value will be ignored.

<LOG> Fetched Normal Parameter
<LOG> Upper and lower bounds are
<VALUE_OUTPUT> 1000
<VALUE_OUTPUT> 10
<LOG> Generated value was
<VALUE_OUTPUT> 733

<LOG> Generator was told its value will be ignored.

<LOG> Fetched Temporary Parameter
<LOG> Upper and lower bounds are
<VALUE_OUTPUT> 1000
<VALUE_OUTPUT> 990
<LOG> Generated value was
<VALUE_OUTPUT> 1000

<LOG> Generator was told its value will be ignored.

<LOG> Fetched Normal Parameter
<LOG> Upper and lower bounds are
<VALUE_OUTPUT> 1000
<VALUE_OUTPUT> 10
<LOG> Generated value was
<VALUE_OUTPUT> 590

<LOG> Generator was told its value will be ignored.

<LOG> Fetched Temporary Parameter
<LOG> Upper and lower bounds are
<VALUE_OUTPUT> 1000
<VALUE_OUTPUT> 990
<LOG> Generated value was
<VALUE_OUTPUT> 994

<LOG> Generator was told its value will be ignored.

<LOG> Fetched Normal Parameter
<LOG> Upper and lower bounds are
<VALUE_OUTPUT> 1000
<VALUE_OUTPUT> 10
<LOG> Generated value was
<VALUE_OUTPUT> 551

<LOG> Generator was told its value will be ignored.

<LOG> Fetched Temporary Parameter
<LOG> Upper and lower bounds are
<VALUE_OUTPUT> 1000
<VALUE_OUTPUT> 990
<LOG> Generated value was
<VALUE_OUTPUT> 999

<LOG> Generator was told its value will be ignored.

<LOG> Fetched Normal Parameter
<LOG> Upper and lower bounds are
<VALUE_OUTPUT> 1000
<VALUE_OUTPUT> 10
<LOG> Generated value was
<VALUE_OUTPUT> 484

<LOG> Generator was told its value will be ignored.

<LOG> Fetched Temporary Parameter
<LOG> Upper and lower bounds are
<VALUE_OUTPUT> 1000
<VALUE_OUTPUT> 990
<LOG> Generated value was
<VALUE_OUTPUT> 995

<LOG> Generator was told its value will be ignored.

<LOG> Fetched Normal Parameter
<LOG> Upper and lower bounds are
<VALUE_OUTPUT> 1000
<VALUE_OUTPUT> 10
<LOG> Generated value was
<VALUE_OUTPUT> 577

<LOG> Generator was told its value will be ignored.

<LOG> Fetched Temporary Parameter
<LOG> Upper and lower bounds are
<VALUE_OUTPUT> 1000
<VALUE_OUTPUT> 990
<LOG> Generated value was
<VALUE_OUTPUT> 995

<LOG> Generator was told its value will be ignored.

<LOG> Fetched Normal Parameter
<LOG> Upper and lower bounds are
<VALUE_OUTPUT> 1000
<VALUE_OUTPUT> 10
<LOG> Generated value was
<VALUE_OUTPUT> 51

<LOG> Generator was told its value will be ignored.

<LOG> Fetched Temporary Parameter
<LOG> Upper and lower bounds are
<VALUE_OUTPUT> 1000
<VALUE_OUTPUT> 990
<LOG> Generated value was
<VALUE_OUTPUT> 991

<LOG> Generator was told its value will be ignored.

<LOG> Fetched Normal Parameter
<LOG> Upper and lower bounds are
<VALUE_OUTPUT> 1000
<VALUE_OUTPUT> 10
<LOG> Generated value was
<VALUE_OUTPUT> 209

<LOG> Generator was told its value will be ignored.

All values are equal to each other
<LOG> Fetched Normal Parameter
<LOG> Upper and lower bounds are
<VALUE_OUTPUT> 1000
<VALUE_OUTPUT> 10
<LOG> Generated value was
<VALUE_OUTPUT> 267

<LOG> Generator was told its value will be ignored.

<LOG> Fetched Normal Parameter
<LOG> Upper and lower bounds are
<VALUE_OUTPUT> 1000
<VALUE_OUTPUT> 10
<LOG> Generated value was
<VALUE_OUTPUT> 733

<LOG> Generator was told its value will be ignored.

<LOG> Fetched Normal Parameter
<LOG> Upper and lower bounds are
<VALUE_OUTPUT> 1000
<VALUE_OUTPUT> 10
<LOG> Generated value was
<VALUE_OUTPUT> 807

<LOG> Generator was told its value will be ignored.

<LOG> Fetched Normal Parameter
<LOG> Upper and lower bounds are
<VALUE_OUTPUT> 1000
<VALUE_OUTPUT> 10
<LOG> Generated value was
<VALUE_OUTPUT> 381

<LOG> Generator was told its value will be ignored.

<LOG> Fetched Normal Parameter
<LOG> Upper and lower bounds are
<VALUE_OUTPUT> 1000
<VALUE_OUTPUT> 10
<LOG> Generated value was
<VALUE_OUTPUT> 881

<LOG> Generator was told its value will be ignored.

<LOG> Fetched Normal Parameter
<LOG> Upper and lower bounds are
<VALUE_OUTPUT> 1000
<VALUE_OUTPUT> 10
<LOG> Generated value was
<VALUE_OUTPUT> 60

<LOG> Generator was told its value will be ignored.

<LOG> Fetched Normal Parameter
<LOG> Upper and lower bounds are
<VALUE_OUTPUT> 1000
<VALUE_OUTPUT> 10
<LOG> Generated value was
<VALUE_OUTPUT> 957

<LOG> Generator was told its value will be ignored.

<LOG> Fetched Normal Parameter
<LOG> Upper and lower bounds are
<VALUE_OUTPUT> 1000
<VALUE_OUTPUT> 10
<LOG> Generated value was
<VALUE_OUTPUT> 251

<LOG> Generator was told its value will be ignored.

<LOG> Fetched Normal Parameter
<LOG> Upper and lower bounds are
<VALUE_OUTPUT> 1000
<VALUE_OUTPUT> 10
<LOG> Generated value was
<VALUE_OUTPUT> 721

<LOG> Generator was told its value will be ignored.

<LOG> Fetched Normal Parameter
<LOG> Upper and lower bounds are
<VALUE_OUTPUT> 1000
<VALUE_OUTPUT> 10
<LOG> Generated value was
<VALUE_OUTPUT> 214

<LOG> Generator was told its value will be ignored.

<LOG> Fetched Normal Parameter
<LOG> Upper and lower bounds are
<VALUE_OUTPUT> 1000
<VALUE_OUTPUT> 10
<LOG> Generated value was
<VALUE_OUTPUT> 835

<LOG> Generator was told its value will be ignored.

<LOG> Fetched Normal Parameter
<LOG> Upper and lower bounds are
<VALUE_OUTPUT> 1000
<VALUE_OUTPUT> 10
<LOG> Generated value was
<VALUE_OUTPUT> 500

<LOG> Generator was told its value will be ignored.

<LOG> Fetched Normal Parameter
<LOG> Upper and lower bounds are
<VALUE_OUTPUT> 1000
<VALUE_OUTPUT> 10
<LOG> Generated value was
<VALUE_OUTPUT> 800

<LOG> Generator was told its value will be ignored.

<LOG> Fetched Normal Parameter
<LOG> Upper and lower bounds are
<VALUE_OUTPUT> 1000
<VALUE_OUTPUT> 10
<LOG> Generated value was
<VALUE_OUTPUT> 65

<LOG> Generator was told its value will be ignored.

<LOG> Fetched Normal Parameter
<LOG> Upper and lower bounds are
<VALUE_OUTPUT> 1000
<VALUE_OUTPUT> 10
<LOG> Generated value was
<VALUE_OUTPUT> 571

<LOG> Generator was told its value will be ignored.

<LOG> Fetched Normal Parameter
<LOG> Upper and lower bounds are
<VALUE_OUTPUT> 1000
<VALUE_OUTPUT> 10
<LOG> Generated value was
<VALUE_OUTPUT> 34

<LOG> Generator was told its value will be ignored.

<LOG> Fetched Normal Parameter
<LOG> Upper and lower bounds are
<VALUE_OUTPUT> 1000
<VALUE_OUTPUT> 10
<LOG> Generated value was
<VALUE_OUTPUT> 109

<LOG> Generator was told its value will be ignored.

<LOG> Fetched Normal Parameter
<LOG> Upper and lower bounds are
<VALUE_OUTPUT> 1000
<VALUE_OUTPUT> 10
<LOG> Generated value was
<VALUE_OUTPUT> 468

<LOG> Generator was told its value will be ignored.

<LOG> Fetched Normal Parameter
<LOG> Upper and lower bounds are
<VALUE_OUTPUT> 1000
<VALUE_OUTPUT> 10
<LOG> Generated value was
<VALUE_OUTPUT> 281

<LOG> Generator was told its value will be ignored.

<LOG> Fetched Normal Parameter
<LOG> Upper and lower bounds are
<VALUE_OUTPUT> 1000
<VALUE_OUTPUT> 10
<LOG> Generated value was
<VALUE_OUTPUT> 744

<LOG> Generator was told its value will be ignored.

Test failed
Printing results in format
TEST_NUMBER | INPUT_ARGS_AS_TUPLE | RETURN_VALUE
0 | 0,209,0,844, | 209
1 | 0,532,0,438, | 532
2 | 0,984,0,111, | 984
3 | 0,706,0,134, | 706
4 | 0,201,0,818, | 201
5 | 0,543,0,838, | 543
6 | 0,980,0,412, | 980
7 | 0,220,0,20, | 220
8 | 0,669,0,537, | 669
9 | 0,255,0,146, | 255

<LOG> Generator was told its value will be ignored.

<LOG> Fetched Normal Parameter
<LOG> Upper and lower bounds are
<VALUE_OUTPUT> 1000
<VALUE_OUTPUT> 10
<LOG> Generated value was
<VALUE_OUTPUT> 203

<LOG> Generator was told its value will be ignored.

<LOG> Fetched Normal Parameter
<LOG> Upper and lower bounds are
<VALUE_OUTPUT> 1000
<VALUE_OUTPUT> 10
<LOG> Generated value was
<VALUE_OUTPUT> 439

<LOG> Generator was told its value will be ignored.

<LOG> Fetched Normal Parameter
<LOG> Upper and lower bounds are
<VALUE_OUTPUT> 1000
<VALUE_OUTPUT> 10
<LOG> Generated value was
<VALUE_OUTPUT> 42

<LOG> Generator was told its value will be ignored.

<LOG> Fetched Normal Parameter
<LOG> Upper and lower bounds are
<VALUE_OUTPUT> 1000
<VALUE_OUTPUT> 10
<LOG> Generated value was
<VALUE_OUTPUT> 651

<LOG> Generator was told its value will be ignored.

<LOG> Fetched Normal Parameter
<LOG> Upper and lower bounds are
<VALUE_OUTPUT> 1000
<VALUE_OUTPUT> 10
<LOG> Generated value was
<VALUE_OUTPUT> 183

<LOG> Generator was told its value will be ignored.

<LOG> Fetched Normal Parameter
<LOG> Upper and lower bounds are
<VALUE_OUTPUT> 1000
<VALUE_OUTPUT> 10
<LOG> Generated value was
<VALUE_OUTPUT> 410

<LOG> Generator was told its value will be ignored.

<LOG> Fetched Normal Parameter
<LOG> Upper and lower bounds are
<VALUE_OUTPUT> 1000
<VALUE_OUTPUT> 10
<LOG> Generated value was
<VALUE_OUTPUT> 549

<LOG> Generator was told its value will be ignored.

<LOG> Fetched Normal Parameter
<LOG> Upper and lower bounds are
<VALUE_OUTPUT> 1000
<VALUE_OUTPUT> 10
<LOG> Generated value was
<VALUE_OUTPUT> 64

<LOG> Generator was told its value will be ignored.

<LOG> Fetched Normal Parameter
<LOG> Upper and lower bounds are
<VALUE_OUTPUT> 1000
<VALUE_OUTPUT> 10
<LOG> Generated value was
<VALUE_OUTPUT> 876

<LOG> Generator was told its value will be ignored.

<LOG> Fetched Normal Parameter
<LOG> Upper and lower bounds are
<VALUE_OUTPUT> 1000
<VALUE_OUTPUT> 10
<LOG> Generated value was
<VALUE_OUTPUT> 302

<LOG> Generator was told its value will be ignored.

<LOG> Fetched Normal Parameter
<LOG> Upper and lower bounds are
<VALUE_OUTPUT> 1000
<VALUE_OUTPUT> 10
<LOG> Generated value was
<VALUE_OUTPUT> 423

<LOG> Generator was told its value will be ignored.

<LOG> Fetched Normal Parameter
<LOG> Upper and lower bounds are
<VALUE_OUTPUT> 1000
<VALUE_OUTPUT> 10
<LOG> Generated value was
<VALUE_OUTPUT> 264

<LOG> Generator was told its value will be ignored.

<LOG> Fetched Normal Parameter
<LOG> Upper and lower bounds are
<VALUE_OUTPUT> 1000
<VALUE_OUTPUT> 10
<LOG> Generated value was
<VALUE_OUTPUT> 34

<LOG> Generator was told its value will be ignored.

<LOG> Fetched Normal Parameter
<LOG> Upper and lower bounds are
<VALUE_OUTPUT> 1000
<VALUE_OUTPUT> 10
<LOG> Generated value was
<VALUE_OUTPUT> 923

<LOG> Generator was told its value will be ignored.

<LOG> Fetched Normal Parameter
<LOG> Upper and lower bounds are
<VALUE_OUTPUT> 1000
<VALUE_OUTPUT> 10
<LOG> Generated value was
<VALUE_OUTPUT> 953

<LOG> Generator was told its value will be ignored.

<LOG> Fetched Normal Parameter
<LOG> Upper and lower bounds are
<VALUE_OUTPUT> 1000
<VALUE_OUTPUT> 10
<LOG> Generated value was
<VALUE_OUTPUT> 910

<LOG> Generator was told its value will be ignored.

<LOG> Fetched Normal Parameter
<LOG> Upper and lower bounds are
<VALUE_OUTPUT> 1000
<VALUE_OUTPUT> 10
<LOG> Generated value was
<VALUE_OUTPUT> 641

<LOG> Generator was told its value will be ignored.

<LOG> Fetched Normal Parameter
<LOG> Upper and lower bounds are
<VALUE_OUTPUT> 1000
<VALUE_OUTPUT> 10
<LOG> Generated value was
<VALUE_OUTPUT> 309

<LOG> Generator was told its value will be ignored.

<LOG> Fetched Normal Parameter
<LOG> Upper and lower bounds are
<VALUE_OUTPUT> 1000
<VALUE_OUTPUT> 10
<LOG> Generated value was
<VALUE_OUTPUT> 835

<LOG> Generator was told its value will be ignored.

<LOG> Fetched Normal Parameter
<LOG> Upper and lower bounds are
<VALUE_OUTPUT> 1000
<VALUE_OUTPUT> 10
<LOG> Generated value was
<VALUE_OUTPUT> 203

All values are equal to each other
<LOG> Generator was told its value will be ignored.

<LOG> Generator was told its value will be ignored.

<LOG> Generator was told its value will be ignored.

<LOG> Generator was told its value will be ignored.

<LOG> Generator was told its value will be ignored.

<LOG> Generator was told its value will be ignored.

<LOG> Generator was told its value will be ignored.

<LOG> Generator was told its value will be ignored.

<LOG> Generator was told its value will be ignored.

<LOG> Generator was told its value will be ignored.

<LOG> Generator was told its value will be ignored.

<LOG> Generator was told its value will be ignored.

<LOG> Generator was told its value will be ignored.

<LOG> Generator was told its value will be ignored.

<LOG> Generator was told its value will be ignored.

<LOG> Generator was told its value will be ignored.

<LOG> Generator was told its value will be ignored.

<LOG> Generator was told its value will be ignored.

<LOG> Generator was told its value will be ignored.

<LOG> Generator was told its value will be ignored.

All values are equal to the target of 0
<LOG> Generator was told its value will be ignored.

<LOG> Generator was told its value will be ignored.

<LOG> Generator was told its value will be ignored.

<LOG> Generator was told its value will be ignored.

<LOG> Generator was told its value will be ignored.

<LOG> Generator was told its value will be ignored.

<LOG> Generator was told its value will be ignored.

<LOG> Generator was told its value will be ignored.

<LOG> Generator was told its value will be ignored.

<LOG> Generator was told its value will be ignored.

<LOG> Generator was told its value will be ignored.

<LOG> Generator was told its value will be ignored.

<LOG> Generator was told its value will be ignored.

<LOG> Generator was told its value will be ignored.

<LOG> Generator was told its value will be ignored.

<LOG> Generator was told its value will be ignored.

<LOG> Generator was told its value will be ignored.

<LOG> Generator was told its value will be ignored.

<LOG> Generator was told its value will be ignored.

<LOG> Generator was told its value will be ignored.

Test failed
Printing results in format
TEST_NUMBER | INPUT_ARGS_AS_TUPLE | RETURN_VALUE
0 | 0,0, | 0
1 | 0,0, | 0
2 | 0,0, | 0
3 | 0,0, | 0
4 | 0,0, | 0
5 | 0,0, | 0
6 | 0,0, | 0
7 | 0,0, | 0
8 | 0,0, | 0
9 | 0,0, | 0

Test name : UnmaskedCreatedTests_SampleCXXProject_CalculationsDOTh_UnmaskedStabilisingSetTest_0DOTcpp
Test type : UnmaskedStabilisingSetTest
Test passed? :False
Test name : UnmaskedCreatedTests_SampleCXXProject_CalculationsDOTh_UnmaskedStabilisingSetTest_1DOTcpp
Test type : UnmaskedStabilisingSetTest
Test passed? :True
Test name : UnmaskedCreatedTests_SampleCXXProject_CalculationsDOTh_UnmaskedStabilisingSetTest_2DOTcpp
Test type : UnmaskedStabilisingSetTest
Test passed? :False
Test name : UnmaskedCreatedTests_SampleCXXProject_CalculationsDOTh_UnmaskedStabilisingSetTest_3DOTcpp
Test type : UnmaskedStabilisingSetTest
Test passed? :True
Test name : UnmaskedCreatedTests_SampleCXXProject_CalculationsDOTh_UnmaskedAlwaysReturnsValueTest_4DOTcpp
Test type : UnmaskedAlwaysReturnsValueTest
Test passed? :True
Test name : UnmaskedCreatedTests_SampleCXXProject_CalculationsDOTh_UnmaskedAlwaysReturnsValueTest_5DOTcpp
Test type : UnmaskedAlwaysReturnsValueTest
Test passed? :False
Summary: 3/6 tests passed.
Writing results to a report file.
Writing to UnmaskedReport.csv
