<LOG> Tokenizer output is
<VALUE_OUTPUT> #pragma
<VALUE_OUTPUT> -|-|-|-|-|-
<VALUE_OUTPUT> once
<VALUE_OUTPUT> -|-|-|-|-|-
<VALUE_OUTPUT> #include
<VALUE_OUTPUT> -|-|-|-|-|-
<VALUE_OUTPUT> "../UserlandIncludes/UnmaskedTests.h"
<VALUE_OUTPUT> -|-|-|-|-|-
<VALUE_OUTPUT> #include
<VALUE_OUTPUT> -|-|-|-|-|-
<VALUE_OUTPUT> <
<VALUE_OUTPUT> -|-|-|-|-|-
<VALUE_OUTPUT> functional
<VALUE_OUTPUT> -|-|-|-|-|-
<VALUE_OUTPUT> >
<VALUE_OUTPUT> -|-|-|-|-|-
<VALUE_OUTPUT> int
<VALUE_OUTPUT> -|-|-|-|-|-
<VALUE_OUTPUT> AddInts
<VALUE_OUTPUT> -|-|-|-|-|-
<VALUE_OUTPUT> (
<VALUE_OUTPUT> -|-|-|-|-|-
<VALUE_OUTPUT> int
<VALUE_OUTPUT> -|-|-|-|-|-
<VALUE_OUTPUT> A
<VALUE_OUTPUT> -|-|-|-|-|-
<VALUE_OUTPUT> ,
<VALUE_OUTPUT> -|-|-|-|-|-
<VALUE_OUTPUT> int
<VALUE_OUTPUT> -|-|-|-|-|-
<VALUE_OUTPUT> B
<VALUE_OUTPUT> -|-|-|-|-|-
<VALUE_OUTPUT> )
<VALUE_OUTPUT> -|-|-|-|-|-
<VALUE_OUTPUT> {
<VALUE_OUTPUT> -|-|-|-|-|-
<VALUE_OUTPUT> return
<VALUE_OUTPUT> -|-|-|-|-|-
<VALUE_OUTPUT> A
<VALUE_OUTPUT> -|-|-|-|-|-
<VALUE_OUTPUT> +
<VALUE_OUTPUT> -|-|-|-|-|-
<VALUE_OUTPUT> B
<VALUE_OUTPUT> -|-|-|-|-|-
<VALUE_OUTPUT> ;
<VALUE_OUTPUT> -|-|-|-|-|-
<VALUE_OUTPUT> }
<VALUE_OUTPUT> -|-|-|-|-|-
<VALUE_OUTPUT> int
<VALUE_OUTPUT> -|-|-|-|-|-
<VALUE_OUTPUT> LinearCombination
<VALUE_OUTPUT> -|-|-|-|-|-
<VALUE_OUTPUT> (
<VALUE_OUTPUT> -|-|-|-|-|-
<VALUE_OUTPUT> int
<VALUE_OUTPUT> -|-|-|-|-|-
<VALUE_OUTPUT> A
<VALUE_OUTPUT> -|-|-|-|-|-
<VALUE_OUTPUT> ,
<VALUE_OUTPUT> -|-|-|-|-|-
<VALUE_OUTPUT> int
<VALUE_OUTPUT> -|-|-|-|-|-
<VALUE_OUTPUT> X
<VALUE_OUTPUT> -|-|-|-|-|-
<VALUE_OUTPUT> ,
<VALUE_OUTPUT> -|-|-|-|-|-
<VALUE_OUTPUT> int
<VALUE_OUTPUT> -|-|-|-|-|-
<VALUE_OUTPUT> B
<VALUE_OUTPUT> -|-|-|-|-|-
<VALUE_OUTPUT> ,
<VALUE_OUTPUT> -|-|-|-|-|-
<VALUE_OUTPUT> int
<VALUE_OUTPUT> -|-|-|-|-|-
<VALUE_OUTPUT> Y
<VALUE_OUTPUT> -|-|-|-|-|-
<VALUE_OUTPUT> )
<VALUE_OUTPUT> -|-|-|-|-|-
<VALUE_OUTPUT> {
<VALUE_OUTPUT> -|-|-|-|-|-
<VALUE_OUTPUT> return
<VALUE_OUTPUT> -|-|-|-|-|-
<VALUE_OUTPUT> A*X
<VALUE_OUTPUT> -|-|-|-|-|-
<VALUE_OUTPUT> +
<VALUE_OUTPUT> -|-|-|-|-|-
<VALUE_OUTPUT> B*Y
<VALUE_OUTPUT> -|-|-|-|-|-
<VALUE_OUTPUT> ;
<VALUE_OUTPUT> -|-|-|-|-|-
<VALUE_OUTPUT> }
<VALUE_OUTPUT> -|-|-|-|-|-
<VALUE_OUTPUT> int
<VALUE_OUTPUT> -|-|-|-|-|-
<VALUE_OUTPUT> LinearCombinationWrong
<VALUE_OUTPUT> -|-|-|-|-|-
<VALUE_OUTPUT> (
<VALUE_OUTPUT> -|-|-|-|-|-
<VALUE_OUTPUT> int
<VALUE_OUTPUT> -|-|-|-|-|-
<VALUE_OUTPUT> A
<VALUE_OUTPUT> -|-|-|-|-|-
<VALUE_OUTPUT> ,
<VALUE_OUTPUT> -|-|-|-|-|-
<VALUE_OUTPUT> int
<VALUE_OUTPUT> -|-|-|-|-|-
<VALUE_OUTPUT> X
<VALUE_OUTPUT> -|-|-|-|-|-
<VALUE_OUTPUT> ,
<VALUE_OUTPUT> -|-|-|-|-|-
<VALUE_OUTPUT> int
<VALUE_OUTPUT> -|-|-|-|-|-
<VALUE_OUTPUT> B
<VALUE_OUTPUT> -|-|-|-|-|-
<VALUE_OUTPUT> ,
<VALUE_OUTPUT> -|-|-|-|-|-
<VALUE_OUTPUT> int
<VALUE_OUTPUT> -|-|-|-|-|-
<VALUE_OUTPUT> Y
<VALUE_OUTPUT> -|-|-|-|-|-
<VALUE_OUTPUT> )
<VALUE_OUTPUT> -|-|-|-|-|-
<VALUE_OUTPUT> {
<VALUE_OUTPUT> -|-|-|-|-|-
<VALUE_OUTPUT> return
<VALUE_OUTPUT> -|-|-|-|-|-
<VALUE_OUTPUT> A+X
<VALUE_OUTPUT> -|-|-|-|-|-
<VALUE_OUTPUT> +
<VALUE_OUTPUT> -|-|-|-|-|-
<VALUE_OUTPUT> B*Y
<VALUE_OUTPUT> -|-|-|-|-|-
<VALUE_OUTPUT> ;
<VALUE_OUTPUT> -|-|-|-|-|-
<VALUE_OUTPUT> }
<VALUE_OUTPUT> -|-|-|-|-|-
<VALUE_OUTPUT> void
<VALUE_OUTPUT> -|-|-|-|-|-
<VALUE_OUTPUT> TestSpecifications
<VALUE_OUTPUT> -|-|-|-|-|-
<VALUE_OUTPUT> (
<VALUE_OUTPUT> -|-|-|-|-|-
<VALUE_OUTPUT> )
<VALUE_OUTPUT> -|-|-|-|-|-
<VALUE_OUTPUT> {
<VALUE_OUTPUT> -|-|-|-|-|-
<VALUE_OUTPUT> UnmaskedSetParameter
<VALUE_OUTPUT> -|-|-|-|-|-
<VALUE_OUTPUT> (
<VALUE_OUTPUT> -|-|-|-|-|-
<VALUE_OUTPUT> INT_LOWER_BOUND
<VALUE_OUTPUT> -|-|-|-|-|-
<VALUE_OUTPUT> ,
<VALUE_OUTPUT> -|-|-|-|-|-
<VALUE_OUTPUT> 10
<VALUE_OUTPUT> -|-|-|-|-|-
<VALUE_OUTPUT> )
<VALUE_OUTPUT> -|-|-|-|-|-
<VALUE_OUTPUT> ;
<VALUE_OUTPUT> -|-|-|-|-|-
<VALUE_OUTPUT> UnmaskedSetTempParameter
<VALUE_OUTPUT> -|-|-|-|-|-
<VALUE_OUTPUT> (
<VALUE_OUTPUT> -|-|-|-|-|-
<VALUE_OUTPUT> INT_UPPER_BOUND
<VALUE_OUTPUT> -|-|-|-|-|-
<VALUE_OUTPUT> ,
<VALUE_OUTPUT> -|-|-|-|-|-
<VALUE_OUTPUT> 100
<VALUE_OUTPUT> -|-|-|-|-|-
<VALUE_OUTPUT> )
<VALUE_OUTPUT> -|-|-|-|-|-
<VALUE_OUTPUT> ;
<VALUE_OUTPUT> -|-|-|-|-|-
<VALUE_OUTPUT> UnmaskedStabilisingSetTest
<VALUE_OUTPUT> -|-|-|-|-|-
<VALUE_OUTPUT> (
<VALUE_OUTPUT> -|-|-|-|-|-
<VALUE_OUTPUT> std::function
<VALUE_OUTPUT> -|-|-|-|-|-
<VALUE_OUTPUT> <
<VALUE_OUTPUT> -|-|-|-|-|-
<VALUE_OUTPUT> int
<VALUE_OUTPUT> -|-|-|-|-|-
<VALUE_OUTPUT> (
<VALUE_OUTPUT> -|-|-|-|-|-
<VALUE_OUTPUT> int
<VALUE_OUTPUT> -|-|-|-|-|-
<VALUE_OUTPUT> ,
<VALUE_OUTPUT> -|-|-|-|-|-
<VALUE_OUTPUT> int
<VALUE_OUTPUT> -|-|-|-|-|-
<VALUE_OUTPUT> )
<VALUE_OUTPUT> -|-|-|-|-|-
<VALUE_OUTPUT> >
<VALUE_OUTPUT> -|-|-|-|-|-
<VALUE_OUTPUT> (
<VALUE_OUTPUT> -|-|-|-|-|-
<VALUE_OUTPUT> &
<VALUE_OUTPUT> -|-|-|-|-|-
<VALUE_OUTPUT> AddInts
<VALUE_OUTPUT> -|-|-|-|-|-
<VALUE_OUTPUT> )
<VALUE_OUTPUT> -|-|-|-|-|-
<VALUE_OUTPUT> ,
<VALUE_OUTPUT> -|-|-|-|-|-
<VALUE_OUTPUT> 0
<VALUE_OUTPUT> -|-|-|-|-|-
<VALUE_OUTPUT> ,
<VALUE_OUTPUT> -|-|-|-|-|-
<VALUE_OUTPUT> 0
<VALUE_OUTPUT> -|-|-|-|-|-
<VALUE_OUTPUT> )
<VALUE_OUTPUT> -|-|-|-|-|-
<VALUE_OUTPUT> ;
<VALUE_OUTPUT> -|-|-|-|-|-
<VALUE_OUTPUT> UnmaskedStabilisingSetTest
<VALUE_OUTPUT> -|-|-|-|-|-
<VALUE_OUTPUT> (
<VALUE_OUTPUT> -|-|-|-|-|-
<VALUE_OUTPUT> std::function
<VALUE_OUTPUT> -|-|-|-|-|-
<VALUE_OUTPUT> <
<VALUE_OUTPUT> -|-|-|-|-|-
<VALUE_OUTPUT> int
<VALUE_OUTPUT> -|-|-|-|-|-
<VALUE_OUTPUT> (
<VALUE_OUTPUT> -|-|-|-|-|-
<VALUE_OUTPUT> int
<VALUE_OUTPUT> -|-|-|-|-|-
<VALUE_OUTPUT> ,
<VALUE_OUTPUT> -|-|-|-|-|-
<VALUE_OUTPUT> int
<VALUE_OUTPUT> -|-|-|-|-|-
<VALUE_OUTPUT> ,
<VALUE_OUTPUT> -|-|-|-|-|-
<VALUE_OUTPUT> int
<VALUE_OUTPUT> -|-|-|-|-|-
<VALUE_OUTPUT> ,
<VALUE_OUTPUT> -|-|-|-|-|-
<VALUE_OUTPUT> int
<VALUE_OUTPUT> -|-|-|-|-|-
<VALUE_OUTPUT> )
<VALUE_OUTPUT> -|-|-|-|-|-
<VALUE_OUTPUT> >
<VALUE_OUTPUT> -|-|-|-|-|-
<VALUE_OUTPUT> (
<VALUE_OUTPUT> -|-|-|-|-|-
<VALUE_OUTPUT> &
<VALUE_OUTPUT> -|-|-|-|-|-
<VALUE_OUTPUT> LinearCombination
<VALUE_OUTPUT> -|-|-|-|-|-
<VALUE_OUTPUT> )
<VALUE_OUTPUT> -|-|-|-|-|-
<VALUE_OUTPUT> ,
<VALUE_OUTPUT> -|-|-|-|-|-
<VALUE_OUTPUT> 0
<VALUE_OUTPUT> -|-|-|-|-|-
<VALUE_OUTPUT> ,
<VALUE_OUTPUT> -|-|-|-|-|-
<VALUE_OUTPUT> 0
<VALUE_OUTPUT> -|-|-|-|-|-
<VALUE_OUTPUT> ,
<VALUE_OUTPUT> -|-|-|-|-|-
<VALUE_OUTPUT> 2
<VALUE_OUTPUT> -|-|-|-|-|-
<VALUE_OUTPUT> ,
<VALUE_OUTPUT> -|-|-|-|-|-
<VALUE_OUTPUT> 0
<VALUE_OUTPUT> -|-|-|-|-|-
<VALUE_OUTPUT> )
<VALUE_OUTPUT> -|-|-|-|-|-
<VALUE_OUTPUT> ;
<VALUE_OUTPUT> -|-|-|-|-|-
<VALUE_OUTPUT> UnmaskedStabilisingSetTest
<VALUE_OUTPUT> -|-|-|-|-|-
<VALUE_OUTPUT> (
<VALUE_OUTPUT> -|-|-|-|-|-
<VALUE_OUTPUT> std::function
<VALUE_OUTPUT> -|-|-|-|-|-
<VALUE_OUTPUT> <
<VALUE_OUTPUT> -|-|-|-|-|-
<VALUE_OUTPUT> int
<VALUE_OUTPUT> -|-|-|-|-|-
<VALUE_OUTPUT> (
<VALUE_OUTPUT> -|-|-|-|-|-
<VALUE_OUTPUT> int
<VALUE_OUTPUT> -|-|-|-|-|-
<VALUE_OUTPUT> ,
<VALUE_OUTPUT> -|-|-|-|-|-
<VALUE_OUTPUT> int
<VALUE_OUTPUT> -|-|-|-|-|-
<VALUE_OUTPUT> ,
<VALUE_OUTPUT> -|-|-|-|-|-
<VALUE_OUTPUT> int
<VALUE_OUTPUT> -|-|-|-|-|-
<VALUE_OUTPUT> ,
<VALUE_OUTPUT> -|-|-|-|-|-
<VALUE_OUTPUT> int
<VALUE_OUTPUT> -|-|-|-|-|-
<VALUE_OUTPUT> )
<VALUE_OUTPUT> -|-|-|-|-|-
<VALUE_OUTPUT> >
<VALUE_OUTPUT> -|-|-|-|-|-
<VALUE_OUTPUT> (
<VALUE_OUTPUT> -|-|-|-|-|-
<VALUE_OUTPUT> &
<VALUE_OUTPUT> -|-|-|-|-|-
<VALUE_OUTPUT> LinearCombinationWrong
<VALUE_OUTPUT> -|-|-|-|-|-
<VALUE_OUTPUT> )
<VALUE_OUTPUT> -|-|-|-|-|-
<VALUE_OUTPUT> ,
<VALUE_OUTPUT> -|-|-|-|-|-
<VALUE_OUTPUT> 0
<VALUE_OUTPUT> -|-|-|-|-|-
<VALUE_OUTPUT> ,
<VALUE_OUTPUT> -|-|-|-|-|-
<VALUE_OUTPUT> 0
<VALUE_OUTPUT> -|-|-|-|-|-
<VALUE_OUTPUT> ,
<VALUE_OUTPUT> -|-|-|-|-|-
<VALUE_OUTPUT> 2
<VALUE_OUTPUT> -|-|-|-|-|-
<VALUE_OUTPUT> ,
<VALUE_OUTPUT> -|-|-|-|-|-
<VALUE_OUTPUT> 0
<VALUE_OUTPUT> -|-|-|-|-|-
<VALUE_OUTPUT> )
<VALUE_OUTPUT> -|-|-|-|-|-
<VALUE_OUTPUT> ;
<VALUE_OUTPUT> -|-|-|-|-|-
<VALUE_OUTPUT> UnmaskedStabilisingSetTest
<VALUE_OUTPUT> -|-|-|-|-|-
<VALUE_OUTPUT> (
<VALUE_OUTPUT> -|-|-|-|-|-
<VALUE_OUTPUT> std::function
<VALUE_OUTPUT> -|-|-|-|-|-
<VALUE_OUTPUT> <
<VALUE_OUTPUT> -|-|-|-|-|-
<VALUE_OUTPUT> int
<VALUE_OUTPUT> -|-|-|-|-|-
<VALUE_OUTPUT> (
<VALUE_OUTPUT> -|-|-|-|-|-
<VALUE_OUTPUT> int
<VALUE_OUTPUT> -|-|-|-|-|-
<VALUE_OUTPUT> ,
<VALUE_OUTPUT> -|-|-|-|-|-
<VALUE_OUTPUT> int
<VALUE_OUTPUT> -|-|-|-|-|-
<VALUE_OUTPUT> ,
<VALUE_OUTPUT> -|-|-|-|-|-
<VALUE_OUTPUT> int
<VALUE_OUTPUT> -|-|-|-|-|-
<VALUE_OUTPUT> ,
<VALUE_OUTPUT> -|-|-|-|-|-
<VALUE_OUTPUT> int
<VALUE_OUTPUT> -|-|-|-|-|-
<VALUE_OUTPUT> )
<VALUE_OUTPUT> -|-|-|-|-|-
<VALUE_OUTPUT> >
<VALUE_OUTPUT> -|-|-|-|-|-
<VALUE_OUTPUT> (
<VALUE_OUTPUT> -|-|-|-|-|-
<VALUE_OUTPUT> &
<VALUE_OUTPUT> -|-|-|-|-|-
<VALUE_OUTPUT> LinearCombination
<VALUE_OUTPUT> -|-|-|-|-|-
<VALUE_OUTPUT> )
<VALUE_OUTPUT> -|-|-|-|-|-
<VALUE_OUTPUT> ,
<VALUE_OUTPUT> -|-|-|-|-|-
<VALUE_OUTPUT> 1
<VALUE_OUTPUT> -|-|-|-|-|-
<VALUE_OUTPUT> ,
<VALUE_OUTPUT> -|-|-|-|-|-
<VALUE_OUTPUT> 0
<VALUE_OUTPUT> -|-|-|-|-|-
<VALUE_OUTPUT> ,
<VALUE_OUTPUT> -|-|-|-|-|-
<VALUE_OUTPUT> 3
<VALUE_OUTPUT> -|-|-|-|-|-
<VALUE_OUTPUT> ,
<VALUE_OUTPUT> -|-|-|-|-|-
<VALUE_OUTPUT> 0
<VALUE_OUTPUT> -|-|-|-|-|-
<VALUE_OUTPUT> )
<VALUE_OUTPUT> -|-|-|-|-|-
<VALUE_OUTPUT> ;
<VALUE_OUTPUT> -|-|-|-|-|-
<VALUE_OUTPUT> UnmaskedAlwaysReturnsValueTest
<VALUE_OUTPUT> -|-|-|-|-|-
<VALUE_OUTPUT> (
<VALUE_OUTPUT> -|-|-|-|-|-
<VALUE_OUTPUT> std::function
<VALUE_OUTPUT> -|-|-|-|-|-
<VALUE_OUTPUT> <
<VALUE_OUTPUT> -|-|-|-|-|-
<VALUE_OUTPUT> int
<VALUE_OUTPUT> -|-|-|-|-|-
<VALUE_OUTPUT> (
<VALUE_OUTPUT> -|-|-|-|-|-
<VALUE_OUTPUT> int
<VALUE_OUTPUT> -|-|-|-|-|-
<VALUE_OUTPUT> ,
<VALUE_OUTPUT> -|-|-|-|-|-
<VALUE_OUTPUT> int
<VALUE_OUTPUT> -|-|-|-|-|-
<VALUE_OUTPUT> )
<VALUE_OUTPUT> -|-|-|-|-|-
<VALUE_OUTPUT> >
<VALUE_OUTPUT> -|-|-|-|-|-
<VALUE_OUTPUT> (
<VALUE_OUTPUT> -|-|-|-|-|-
<VALUE_OUTPUT> &
<VALUE_OUTPUT> -|-|-|-|-|-
<VALUE_OUTPUT> AddInts
<VALUE_OUTPUT> -|-|-|-|-|-
<VALUE_OUTPUT> )
<VALUE_OUTPUT> -|-|-|-|-|-
<VALUE_OUTPUT> ,
<VALUE_OUTPUT> -|-|-|-|-|-
<VALUE_OUTPUT> 0
<VALUE_OUTPUT> -|-|-|-|-|-
<VALUE_OUTPUT> ,
<VALUE_OUTPUT> -|-|-|-|-|-
<VALUE_OUTPUT> 0
<VALUE_OUTPUT> -|-|-|-|-|-
<VALUE_OUTPUT> ,
<VALUE_OUTPUT> -|-|-|-|-|-
<VALUE_OUTPUT> 0
<VALUE_OUTPUT> -|-|-|-|-|-
<VALUE_OUTPUT> ,
<VALUE_OUTPUT> -|-|-|-|-|-
<VALUE_OUTPUT> 1
<VALUE_OUTPUT> -|-|-|-|-|-
<VALUE_OUTPUT> ,
<VALUE_OUTPUT> -|-|-|-|-|-
<VALUE_OUTPUT> 0
<VALUE_OUTPUT> -|-|-|-|-|-
<VALUE_OUTPUT> )
<VALUE_OUTPUT> -|-|-|-|-|-
<VALUE_OUTPUT> ;
<VALUE_OUTPUT> -|-|-|-|-|-
<VALUE_OUTPUT> UnmaskedAlwaysReturnsValueTest
<VALUE_OUTPUT> -|-|-|-|-|-
<VALUE_OUTPUT> (
<VALUE_OUTPUT> -|-|-|-|-|-
<VALUE_OUTPUT> std::function
<VALUE_OUTPUT> -|-|-|-|-|-
<VALUE_OUTPUT> <
<VALUE_OUTPUT> -|-|-|-|-|-
<VALUE_OUTPUT> int
<VALUE_OUTPUT> -|-|-|-|-|-
<VALUE_OUTPUT> (
<VALUE_OUTPUT> -|-|-|-|-|-
<VALUE_OUTPUT> int
<VALUE_OUTPUT> -|-|-|-|-|-
<VALUE_OUTPUT> ,
<VALUE_OUTPUT> -|-|-|-|-|-
<VALUE_OUTPUT> int
<VALUE_OUTPUT> -|-|-|-|-|-
<VALUE_OUTPUT> )
<VALUE_OUTPUT> -|-|-|-|-|-
<VALUE_OUTPUT> >
<VALUE_OUTPUT> -|-|-|-|-|-
<VALUE_OUTPUT> (
<VALUE_OUTPUT> -|-|-|-|-|-
<VALUE_OUTPUT> &
<VALUE_OUTPUT> -|-|-|-|-|-
<VALUE_OUTPUT> AddInts
<VALUE_OUTPUT> -|-|-|-|-|-
<VALUE_OUTPUT> )
<VALUE_OUTPUT> -|-|-|-|-|-
<VALUE_OUTPUT> ,
<VALUE_OUTPUT> -|-|-|-|-|-
<VALUE_OUTPUT> 5
<VALUE_OUTPUT> -|-|-|-|-|-
<VALUE_OUTPUT> ,
<VALUE_OUTPUT> -|-|-|-|-|-
<VALUE_OUTPUT> 0
<VALUE_OUTPUT> -|-|-|-|-|-
<VALUE_OUTPUT> ,
<VALUE_OUTPUT> -|-|-|-|-|-
<VALUE_OUTPUT> 0
<VALUE_OUTPUT> -|-|-|-|-|-
<VALUE_OUTPUT> ,
<VALUE_OUTPUT> -|-|-|-|-|-
<VALUE_OUTPUT> 1
<VALUE_OUTPUT> -|-|-|-|-|-
<VALUE_OUTPUT> ,
<VALUE_OUTPUT> -|-|-|-|-|-
<VALUE_OUTPUT> 0
<VALUE_OUTPUT> -|-|-|-|-|-
<VALUE_OUTPUT> )
<VALUE_OUTPUT> -|-|-|-|-|-
<VALUE_OUTPUT> ;
<VALUE_OUTPUT> -|-|-|-|-|-
<VALUE_OUTPUT> }
<VALUE_OUTPUT> -|-|-|-|-|-
<LOG> Found NextUsefulToken
<LOG> NextUsefulToken dereferenced into something not handled by the "switch statement"? Continuing as possible. NextUsefulToken deref'd to
